[2025-07-10 09:58:36] INFO: JD-to-Resumes Match Request Received for JD ID: 1
[2025-07-10 09:58:36] INFO: JD-to-Resumes Match Request Received for JD ID: 1
[2025-07-10 09:59:21] INFO: Matching complete. Returning top 3 profiles.
[2025-07-10 09:59:21] INFO: Matching complete. Returning top 3 profiles.
[2025-07-10 10:01:28] INFO:  Preparing to send email to: maheshmurari001@gmail.com
[2025-07-10 10:01:28] DEBUG:  CC List: []
[2025-07-10 10:01:28] DEBUG: Attachments: []
[2025-07-10 10:01:32] INFO: Email sent successfully to: maheshmurari001@gmail.com
[2025-07-10 10:02:07] INFO: JD-to-Resumes Match Request Received for JD ID: 2
[2025-07-10 10:02:37] INFO: Matching complete. Returning top 3 profiles.
[2025-07-10 10:04:46] INFO: JD-to-Resumes Match Request Received for JD ID: 3
[2025-07-10 10:04:46] INFO: JD-to-Resumes Match Request Received for JD ID: 3
[2025-07-10 10:05:27] INFO: Matching complete. Returning top 3 profiles.
[2025-07-10 10:05:27] INFO: Matching complete. Returning top 3 profiles.
[2025-07-10 12:01:15] INFO: JD-to-Resumes Match Request Received for JD ID: 5
[2025-07-10 12:01:15] INFO: JD-to-Resumes Match Request Received for JD ID: 5
[2025-07-10 12:01:31] INFO: Matching complete. Returning top 0 profiles.
[2025-07-10 12:01:31] INFO: Matching complete. Returning top 0 profiles.
[2025-07-10 12:01:52] INFO: JD-to-Resumes Match Request Received for JD ID: 6
[2025-07-10 12:01:52] INFO: JD-to-Resumes Match Request Received for JD ID: 6
[2025-07-10 12:02:05] INFO: Matching complete. Returning top 0 profiles.
[2025-07-10 12:02:06] INFO: Matching complete. Returning top 0 profiles.
[2025-07-10 12:12:16] INFO: JD-to-Resumes Match Request Received for JD ID: 7
[2025-07-10 12:12:16] INFO: JD-to-Resumes Match Request Received for JD ID: 7
[2025-07-10 12:12:28] INFO: Matching complete. Returning top 0 profiles.
[2025-07-10 12:12:28] INFO: Matching complete. Returning top 0 profiles.
[2025-07-10 12:29:45] INFO: JD-to-Resumes Match Request Received for JD ID: 8
[2025-07-10 12:29:46] INFO: JD-to-Resumes Match Request Received for JD ID: 8
[2025-07-10 12:30:53] INFO: Matching complete. Returning top 3 profiles.
[2025-07-10 12:30:56] INFO: Matching complete. Returning top 3 profiles.
[2025-07-10 13:25:54] INFO: JD-to-Resumes Match Request Received for JD ID: 9
[2025-07-10 13:25:54] INFO: JD-to-Resumes Match Request Received for JD ID: 9
[2025-07-10 13:54:28] INFO: JD-to-Resumes Match Request Received for JD ID: 4
[2025-07-10 13:54:28] INFO: JD-to-Resumes Match Request Received for JD ID: 4
[2025-07-10 13:54:38] INFO: Matching complete. Returning top 3 profiles.
[2025-07-10 13:54:38] INFO: Matching complete. Returning top 3 profiles.
[2025-07-10 13:59:34] INFO: JD-to-Resumes Match Request Received for JD ID: 5
[2025-07-10 13:59:34] INFO: JD-to-Resumes Match Request Received for JD ID: 5
[2025-07-10 13:59:43] INFO: Matching complete. Returning top 3 profiles.
[2025-07-10 13:59:43] INFO: Matching complete. Returning top 3 profiles.
[2025-07-10 14:05:47] INFO: JD-to-Resumes Match Request Received for JD ID: 6
[2025-07-10 14:05:47] INFO: JD-to-Resumes Match Request Received for JD ID: 6
[2025-07-10 14:06:11] INFO: Matching complete. Returning top 3 profiles.
[2025-07-10 14:06:12] INFO: Matching complete. Returning top 3 profiles.
[2025-07-10 14:28:41] INFO: JD-to-Resumes Match Request Received for JD ID: 8
[2025-07-10 14:28:42] INFO: JD-to-Resumes Match Request Received for JD ID: 8
[2025-07-10 14:29:14] INFO: Matching complete. Returning top 3 profiles.
[2025-07-10 14:29:23] INFO: Matching complete. Returning top 3 profiles.
[2025-07-10 14:29:44] INFO:  Preparing to send email to: maheshmurari001@gmail.com
[2025-07-10 14:29:44] DEBUG:  CC List: []
[2025-07-10 14:29:44] DEBUG: Attachments: []
[2025-07-10 14:29:47] INFO: Email sent successfully to: maheshmurari001@gmail.com
[2025-07-10 14:31:59] INFO: JD-to-Resumes Match Request Received for JD ID: 8
[2025-07-10 14:32:26] INFO: Matching complete. Returning top 3 profiles.
[2025-07-10 14:33:21] INFO: JD-to-Resumes Match Request Received for JD ID: 9
[2025-07-10 14:33:21] INFO: JD-to-Resumes Match Request Received for JD ID: 9
[2025-07-10 14:33:50] INFO: Matching complete. Returning top 3 profiles.
[2025-07-10 14:33:57] INFO: Matching complete. Returning top 3 profiles.
[2025-07-10 14:34:07] INFO: JD-to-Resumes Match Request Received for JD ID: 10
[2025-07-10 14:34:07] INFO: JD-to-Resumes Match Request Received for JD ID: 10
[2025-07-10 14:34:27] INFO: Matching complete. Returning top 3 profiles.
[2025-07-10 14:34:44] INFO: Matching complete. Returning top 3 profiles.
[2025-07-10 14:35:13] INFO: JD-to-Resumes Match Request Received for JD ID: 11
[2025-07-10 14:35:13] INFO: JD-to-Resumes Match Request Received for JD ID: 11
[2025-07-10 14:35:40] INFO: Matching complete. Returning top 3 profiles.
[2025-07-10 14:35:54] INFO: Matching complete. Returning top 3 profiles.
[2025-07-10 15:00:22] INFO: JD-to-Resumes Match Request Received for JD ID: 12
[2025-07-10 15:00:22] INFO: JD-to-Resumes Match Request Received for JD ID: 12
[2025-07-10 15:01:03] INFO: Matching complete. Returning top 3 profiles.
[2025-07-10 15:01:10] INFO: Matching complete. Returning top 3 profiles.
[2025-07-10 15:01:15] INFO: JD-to-Resumes Match Request Received for JD ID: 13
[2025-07-10 15:01:15] INFO: JD-to-Resumes Match Request Received for JD ID: 13
[2025-07-10 15:01:46] INFO: Matching complete. Returning top 3 profiles.
[2025-07-10 15:01:58] INFO: Matching complete. Returning top 3 profiles.
[2025-07-10 15:01:58] INFO: JD-to-Resumes Match Request Received for JD ID: 14
[2025-07-10 15:01:58] INFO: JD-to-Resumes Match Request Received for JD ID: 14
[2025-07-10 15:02:28] INFO: Matching complete. Returning top 3 profiles.
[2025-07-10 15:02:47] INFO: Matching complete. Returning top 3 profiles.
[2025-07-10 15:04:37] INFO: JD-to-Resumes Match Request Received for JD ID: 15
[2025-07-10 15:05:03] INFO: Matching complete. Returning top 3 profiles.
[2025-07-10 15:10:49] INFO: JD-to-Resumes Match Request Received for JD ID: 16
[2025-07-10 15:10:49] INFO: JD-to-Resumes Match Request Received for JD ID: 16
[2025-07-10 15:11:22] INFO: Matching complete. Returning top 3 profiles.
[2025-07-10 15:11:30] INFO: Matching complete. Returning top 3 profiles.
[2025-07-10 15:13:05] INFO: JD-to-Resumes Match Request Received for JD ID: 17
[2025-07-10 15:13:05] INFO: JD-to-Resumes Match Request Received for JD ID: 17
[2025-07-10 15:13:37] INFO: Matching complete. Returning top 3 profiles.
[2025-07-10 15:13:47] INFO: Matching complete. Returning top 3 profiles.
[2025-07-10 15:15:33] INFO: JD-to-Resumes Match Request Received for JD ID: 18
[2025-07-10 15:15:33] INFO: JD-to-Resumes Match Request Received for JD ID: 18
[2025-07-10 15:16:05] INFO: Matching complete. Returning top 3 profiles.
[2025-07-10 15:16:16] INFO: Matching complete. Returning top 3 profiles.
[2025-07-10 15:17:56] INFO: JD-to-Resumes Match Request Received for JD ID: 19
[2025-07-10 15:18:26] INFO: Matching complete. Returning top 3 profiles.
[2025-07-10 15:21:50] INFO: JD-to-Resumes Match Request Received for JD ID: 20
[2025-07-10 15:21:51] INFO: JD-to-Resumes Match Request Received for JD ID: 20
[2025-07-10 15:22:25] INFO: Matching complete. Returning top 3 profiles.
[2025-07-10 15:22:34] INFO: Matching complete. Returning top 3 profiles.
[2025-07-10 15:24:16] INFO: JD-to-Resumes Match Request Received for JD ID: 21
[2025-07-10 15:24:17] INFO: JD-to-Resumes Match Request Received for JD ID: 21
[2025-07-10 15:24:53] INFO: Matching complete. Returning top 3 profiles.
[2025-07-10 15:25:01] INFO: Matching complete. Returning top 3 profiles.
[2025-07-10 15:26:12] INFO: JD-to-Resumes Match Request Received for JD ID: 24
[2025-07-10 15:26:12] INFO: JD-to-Resumes Match Request Received for JD ID: 24
[2025-07-10 15:26:46] INFO: Matching complete. Returning top 3 profiles.
[2025-07-10 15:26:58] INFO: Matching complete. Returning top 3 profiles.
[2025-07-10 15:28:58] INFO: JD-to-Resumes Match Request Received for JD ID: 25
[2025-07-10 15:31:44] INFO: JD-to-Resumes Match Request Received for JD ID: 26
[2025-07-10 15:31:44] INFO: JD-to-Resumes Match Request Received for JD ID: 26
[2025-07-10 15:32:08] INFO: Matching complete. Returning top 3 profiles.
[2025-07-10 15:32:26] INFO: Matching complete. Returning top 3 profiles.
[2025-07-10 15:32:30] INFO: JD-to-Resumes Match Request Received for JD ID: 27
[2025-07-10 15:32:30] INFO: JD-to-Resumes Match Request Received for JD ID: 27
[2025-07-10 15:32:55] INFO: Matching complete. Returning top 3 profiles.
[2025-07-10 15:33:11] INFO: Matching complete. Returning top 3 profiles.
[2025-07-10 15:39:36] INFO: JD-to-Resumes Match Request Received for JD ID: 31
[2025-07-10 15:39:36] INFO: JD-to-Resumes Match Request Received for JD ID: 31
[2025-07-10 15:40:07] INFO: Matching complete. Returning top 3 profiles.
[2025-07-10 15:40:18] INFO: Matching complete. Returning top 3 profiles.
[2025-07-10 15:40:50] INFO: JD-to-Resumes Match Request Received for JD ID: 32
[2025-07-10 15:41:21] INFO: Matching complete. Returning top 3 profiles.
[2025-07-10 15:41:54] INFO: JD-to-Resumes Match Request Received for JD ID: 33
[2025-07-10 15:41:54] INFO: JD-to-Resumes Match Request Received for JD ID: 33
[2025-07-10 15:42:27] INFO: Matching complete. Returning top 3 profiles.
[2025-07-10 15:42:36] INFO: Matching complete. Returning top 3 profiles.
[2025-07-10 17:30:13] INFO: JD-to-Resumes Match Request Received for JD ID: 34
[2025-07-10 17:30:13] INFO: JD-to-Resumes Match Request Received for JD ID: 34
[2025-07-10 17:30:47] INFO: Matching complete. Returning top 3 profiles.
[2025-07-10 17:30:58] INFO: Matching complete. Returning top 3 profiles.
[2025-07-10 18:32:39] INFO:  Preparing to send email to: maheshmurari001@gmail.com
[2025-07-10 18:32:39] DEBUG:  CC List: ['addepallinaveenkumar85@gmail.com']
[2025-07-10 18:32:39] DEBUG: Attachments: []
[2025-07-10 18:32:43] INFO: Email sent successfully to: maheshmurari001@gmail.com
[2025-07-10 18:42:02] INFO: JD-to-Resumes Match Request Received for JD ID: 36
[2025-07-10 18:42:02] INFO: JD-to-Resumes Match Request Received for JD ID: 36
[2025-07-10 18:42:33] INFO: Matching complete. Returning top 3 profiles.
[2025-07-10 18:42:42] INFO: Matching complete. Returning top 3 profiles.
[2025-07-10 18:43:05] INFO:  Preparing to send email to: maheshmurari001@gmail.com
[2025-07-10 18:43:05] DEBUG:  CC List: []
[2025-07-10 18:43:05] DEBUG: Attachments: []
[2025-07-10 18:43:08] INFO: Email sent successfully to: maheshmurari001@gmail.com
[2025-07-10 19:56:57] INFO: JD-to-Resumes Match Request Received for JD ID: 37
[2025-07-10 19:56:58] INFO: JD-to-Resumes Match Request Received for JD ID: 37
[2025-07-10 19:57:31] INFO: Matching complete. Returning top 3 profiles.
[2025-07-10 19:57:42] INFO: Matching complete. Returning top 3 profiles.
[2025-07-10 19:58:36] INFO:  Preparing to send email to: maheshmurari001@gmail.com
[2025-07-10 19:58:36] DEBUG:  CC List: []
[2025-07-10 19:58:36] DEBUG: Attachments: []
[2025-07-10 19:58:39] INFO: Email sent successfully to: maheshmurari001@gmail.com
[2025-07-10 19:59:04] INFO: JD-to-Resumes Match Request Received for JD ID: 38
[2025-07-10 19:59:05] INFO: JD-to-Resumes Match Request Received for JD ID: 38
[2025-07-10 19:59:39] INFO: Matching complete. Returning top 3 profiles.
[2025-07-10 19:59:50] INFO: Matching complete. Returning top 3 profiles.
[2025-07-10 20:01:15] INFO: JD-to-Resumes Match Request Received for JD ID: 39
[2025-07-10 20:01:15] INFO: JD-to-Resumes Match Request Received for JD ID: 39
[2025-07-10 20:01:42] INFO: Matching complete. Returning top 3 profiles.
[2025-07-10 20:01:42] INFO: Matching complete. Returning top 3 profiles.
[2025-07-10 20:02:20] INFO:  Preparing to send email to: maheshmurari001@gmail.com
[2025-07-10 20:02:20] DEBUG:  CC List: []
[2025-07-10 20:02:20] DEBUG: Attachments: []
[2025-07-10 20:02:23] INFO: Email sent successfully to: maheshmurari001@gmail.com
[2025-07-10 20:04:18] INFO: JD-to-Resumes Match Request Received for JD ID: 40
[2025-07-10 20:04:18] INFO: JD-to-Resumes Match Request Received for JD ID: 40
[2025-07-10 20:04:55] INFO: Matching complete. Returning top 3 profiles.
[2025-07-10 20:05:06] INFO: Matching complete. Returning top 3 profiles.
[2025-07-10 20:15:32] INFO: JD-to-Resumes Match Request Received for JD ID: 42
[2025-07-10 20:15:33] INFO: JD-to-Resumes Match Request Received for JD ID: 42
[2025-07-10 20:16:13] INFO: Matching complete. Returning top 3 profiles.
[2025-07-10 20:17:46] INFO: JD-to-Resumes Match Request Received for JD ID: 43
[2025-07-10 20:17:46] INFO: JD-to-Resumes Match Request Received for JD ID: 43
[2025-07-10 20:18:24] INFO: Matching complete. Returning top 3 profiles.
[2025-07-10 20:18:34] INFO: Matching complete. Returning top 3 profiles.
[2025-07-10 20:18:41] INFO: Matching complete. Returning top 3 profiles.
[2025-07-11 18:15:18] INFO: JD-to-Resumes Match Request Received for JD ID: 44
[2025-07-11 18:15:18] INFO: JD-to-Resumes Match Request Received for JD ID: 44
[2025-07-11 18:16:06] INFO: Matching complete. Returning top 3 profiles.
[2025-07-11 18:16:15] INFO: Matching complete. Returning top 3 profiles.
[2025-07-11 18:19:16] INFO: JD-to-Resumes Match Request Received for JD ID: 45
[2025-07-11 18:19:16] INFO: JD-to-Resumes Match Request Received for JD ID: 45
[2025-07-11 18:19:54] INFO: Matching complete. Returning top 3 profiles.
[2025-07-11 18:20:08] INFO: Matching complete. Returning top 3 profiles.
[2025-07-11 18:22:10] INFO: JD-to-Resumes Match Request Received for JD ID: 46
[2025-07-11 18:22:58] INFO: Matching complete. Returning top 3 profiles.
[2025-07-11 18:26:05] INFO: JD-to-Resumes Match Request Received for JD ID: 47
[2025-07-11 18:26:05] INFO: JD-to-Resumes Match Request Received for JD ID: 47
[2025-07-11 18:26:37] INFO: Matching complete. Returning top 3 profiles.
[2025-07-11 18:26:44] INFO: Matching complete. Returning top 3 profiles.
[2025-07-11 18:26:58] INFO: JD-to-Resumes Match Request Received for JD ID: 48
[2025-07-11 18:26:58] INFO: JD-to-Resumes Match Request Received for JD ID: 48
[2025-07-11 18:27:40] INFO: Matching complete. Returning top 3 profiles.
[2025-07-11 18:27:53] INFO: Matching complete. Returning top 3 profiles.
[2025-07-11 18:34:35] INFO: JD-to-Resumes Match Request Received for JD ID: 49
[2025-07-11 18:35:26] INFO: Matching complete. Returning top 3 profiles.
[2025-07-11 18:37:54] INFO: JD-to-Resumes Match Request Received for JD ID: 50
[2025-07-11 18:37:55] INFO: JD-to-Resumes Match Request Received for JD ID: 50
[2025-07-11 18:38:21] INFO: Matching complete. Returning top 3 profiles.
[2025-07-11 18:38:21] INFO: Matching complete. Returning top 3 profiles.
[2025-07-11 18:41:10] INFO: JD-to-Resumes Match Request Received for JD ID: 51
[2025-07-11 18:41:10] INFO: JD-to-Resumes Match Request Received for JD ID: 51
[2025-07-11 18:41:47] INFO: Matching complete. Returning top 3 profiles.
[2025-07-11 18:41:47] INFO: Matching complete. Returning top 3 profiles.
[2025-07-11 18:46:00] INFO: JD-to-Resumes Match Request Received for JD ID: 31
[2025-07-11 18:46:27] INFO: Matching complete. Returning top 3 profiles.
[2025-07-11 18:55:15] INFO: JD-to-Resumes Match Request Received for JD ID: 52
[2025-07-11 18:55:15] INFO: JD-to-Resumes Match Request Received for JD ID: 52
[2025-07-11 18:56:03] INFO: Matching complete. Returning top 3 profiles.
[2025-07-11 18:56:03] INFO: Matching complete. Returning top 3 profiles.
[2025-07-11 18:58:09] INFO: JD-to-Resumes Match Request Received for JD ID: 53
[2025-07-11 18:58:09] INFO: JD-to-Resumes Match Request Received for JD ID: 53
[2025-07-11 18:58:35] INFO: Matching complete. Returning top 3 profiles.
[2025-07-11 18:58:35] INFO: Matching complete. Returning top 3 profiles.
[2025-07-11 11:58:56] INFO: JD-to-Resumes Match Request Received for JD ID: 54
[2025-07-11 11:58:56] INFO: JD-to-Resumes Match Request Received for JD ID: 54
[2025-07-11 11:59:24] INFO: Matching complete. Returning top 3 profiles.
[2025-07-11 11:59:24] INFO: Matching complete. Returning top 3 profiles.
[2025-07-11 12:07:45] INFO: JD-to-Resumes Match Request Received for JD ID: 56
[2025-07-11 12:07:45] INFO: JD-to-Resumes Match Request Received for JD ID: 56
[2025-07-11 12:08:30] INFO: Matching complete. Returning top 3 profiles.
[2025-07-11 12:08:30] INFO: Matching complete. Returning top 3 profiles.
[2025-07-11 16:50:22] INFO: JD-to-Resumes Match Request Received for JD ID: 57
[2025-07-11 16:50:22] INFO: JD-to-Resumes Match Request Received for JD ID: 57
[2025-07-11 16:51:02] INFO: Matching complete. Returning top 3 profiles.
[2025-07-11 16:51:02] INFO: Matching complete. Returning top 3 profiles.
[2025-07-11 16:52:28] INFO:  Preparing to send email to: maheshmurari001@gmail.com
[2025-07-11 16:52:28] DEBUG:  CC List: []
[2025-07-11 16:52:28] DEBUG: Attachments: []
[2025-07-11 16:52:32] INFO: Email sent successfully to: maheshmurari001@gmail.com
[2025-07-13 21:17:38] INFO: JD-to-Resumes Match Request Received for JD ID: 60
[2025-07-13 21:17:38] INFO: JD-to-Resumes Match Request Received for JD ID: 60
[2025-07-13 21:18:13] INFO: Matching complete. Returning top 3 profiles.
[2025-07-13 21:18:33] INFO: Matching complete. Returning top 3 profiles.
[2025-07-13 21:19:46] INFO: JD-to-Resumes Match Request Received for JD ID: 61
[2025-07-13 21:20:23] INFO: Matching complete. Returning top 3 profiles.
[2025-07-13 21:22:35] INFO: JD-to-Resumes Match Request Received for JD ID: 62
[2025-07-13 21:22:35] INFO: JD-to-Resumes Match Request Received for JD ID: 62
[2025-07-13 21:23:10] INFO: Matching complete. Returning top 3 profiles.
[2025-07-13 21:23:12] INFO: Matching complete. Returning top 3 profiles.
[2025-07-13 21:25:04] INFO: JD-to-Resumes Match Request Received for JD ID: 63
[2025-07-13 21:25:41] INFO: Matching complete. Returning top 3 profiles.
[2025-07-13 21:28:03] INFO: JD-to-Resumes Match Request Received for JD ID: 64
[2025-07-13 21:28:03] INFO: JD-to-Resumes Match Request Received for JD ID: 64
[2025-07-13 21:28:48] INFO: Matching complete. Returning top 3 profiles.
[2025-07-13 21:29:10] INFO: Matching complete. Returning top 3 profiles.
[2025-07-14 11:14:27] INFO: JD-to-Resumes Match Request Received for JD ID: 1
[2025-07-14 11:14:27] INFO: JD-to-Resumes Match Request Received for JD ID: 1
[2025-07-14 11:14:49] INFO: Matching complete. Returning top 3 profiles.
[2025-07-14 11:14:50] INFO: Matching complete. Returning top 3 profiles.
[2025-07-14 11:17:13] INFO: JD-to-Resumes Match Request Received for JD ID: 1
[2025-07-14 11:17:19] INFO: Matching complete. Returning top 3 profiles.
[2025-07-14 13:41:11] INFO: JD-to-Resumes Match Request Received for JD ID: 2
[2025-07-14 13:41:11] INFO: JD-to-Resumes Match Request Received for JD ID: 2
[2025-07-14 13:41:26] INFO: Matching complete. Returning top 3 profiles.
[2025-07-14 13:41:26] INFO: Matching complete. Returning top 3 profiles.
[2025-07-14 13:42:48] INFO: JD-to-Resumes Match Request Received for JD ID: 3
[2025-07-14 13:42:48] INFO: JD-to-Resumes Match Request Received for JD ID: 3
[2025-07-14 13:43:22] INFO: Matching complete. Returning top 3 profiles.
[2025-07-14 13:43:24] INFO: Matching complete. Returning top 3 profiles.
[2025-07-14 13:43:24] INFO:  Preparing to send email to: maheshmurari001@gmail.com
[2025-07-14 13:43:24] DEBUG:  CC List: []
[2025-07-14 13:43:24] DEBUG: Attachments: []
[2025-07-14 13:43:28] INFO: Email sent successfully to: maheshmurari001@gmail.com
[2025-07-14 13:45:23] INFO: JD-to-Resumes Match Request Received for JD ID: 4
[2025-07-14 13:45:23] INFO: JD-to-Resumes Match Request Received for JD ID: 4
[2025-07-14 13:45:56] INFO: Matching complete. Returning top 3 profiles.
[2025-07-14 13:45:56] INFO:  Preparing to send email to: maheshmurari001@gmail.com
[2025-07-14 13:45:56] DEBUG:  CC List: []
[2025-07-14 13:45:56] DEBUG: Attachments: []
[2025-07-14 13:45:59] INFO: Matching complete. Returning top 3 profiles.
[2025-07-14 13:45:59] INFO: Email sent successfully to: maheshmurari001@gmail.com
[2025-07-14 13:50:54] INFO: JD-to-Resumes Match Request Received for JD ID: 5
[2025-07-14 13:50:54] INFO: JD-to-Resumes Match Request Received for JD ID: 5
[2025-07-14 13:51:31] INFO: Matching complete. Returning top 3 profiles.
[2025-07-14 13:51:31] INFO: Matching complete. Returning top 3 profiles.
[2025-07-14 14:04:39] INFO: JD-to-Resumes Match Request Received for JD ID: 2
[2025-07-14 14:04:39] INFO: JD-to-Resumes Match Request Received for JD ID: 2
[2025-07-14 14:05:18] INFO: Matching complete. Returning top 3 profiles.
[2025-07-14 14:05:19] INFO: Matching complete. Returning top 3 profiles.
[2025-07-14 14:07:20] INFO: JD-to-Resumes Match Request Received for JD ID: 3
[2025-07-14 14:07:20] INFO: JD-to-Resumes Match Request Received for JD ID: 3
[2025-07-14 14:08:00] INFO: Matching complete. Returning top 3 profiles.
[2025-07-14 14:08:03] INFO: Matching complete. Returning top 3 profiles.
[2025-07-14 14:15:02] INFO: JD-to-Resumes Match Request Received for JD ID: 4
[2025-07-14 14:15:02] INFO: JD-to-Resumes Match Request Received for JD ID: 4
[2025-07-14 14:15:43] INFO: Matching complete. Returning top 3 profiles.
[2025-07-14 14:15:49] INFO: Matching complete. Returning top 3 profiles.
