2025-07-10 09:50:27,490 - INFO - Login attempt for email: maheshmurari001@gmail.com
2025-07-10 09:50:27,550 - INFO - Login successful for email: maheshmurari001@gmail.com
2025-07-10 09:50:37,392 - INFO - Login attempt for email: maheshmurari003@gmail.com
2025-07-10 09:50:37,392 - WARNING - Login failed: User with email maheshmurari003@gmail.com not found
2025-07-10 09:50:40,306 - INFO - Login attempt for email: maheshmurari003@gmail.com
2025-07-10 09:50:40,306 - WARNING - Login failed: User with email maheshmurari003@gmail.com not found
2025-07-10 09:51:03,204 - INFO - Login attempt for email: addepallinaveenkumar85@gmail.com
2025-07-10 09:51:03,212 - INFO - Login successful for email: addepallinaveenkumar85@gmail.com
2025-07-10 09:58:27,127 - INFO - Login attempt for email: maheshmurari001@gmail.com
2025-07-10 09:58:27,127 - INFO - Login successful for email: maheshmurari001@gmail.com
2025-07-10 11:17:57,453 - INFO - Login attempt for email: addepallinaveenkumar85@gmail.com
2025-07-10 11:17:57,457 - INFO - Login successful for email: addepallinaveenkumar85@gmail.com
2025-07-10 12:00:56,513 - INFO - Login attempt for email: maheshmurari001@gmail.com
2025-07-10 12:00:56,522 - INFO - Login successful for email: maheshmurari001@gmail.com
2025-07-10 12:24:09,157 - INFO - Login attempt for email: ab@gmail.com
2025-07-10 12:24:09,173 - INFO - Login successful for email: ab@gmail.com
2025-07-10 12:29:36,507 - INFO - Login attempt for email: maheshmurari001@gmail.com
2025-07-10 12:29:36,514 - INFO - Login successful for email: maheshmurari001@gmail.com
2025-07-10 13:14:38,598 - INFO - Login attempt for email: addepallinaveenkumar85@gmail.com
2025-07-10 13:14:38,608 - INFO - Login successful for email: addepallinaveenkumar85@gmail.com
2025-07-10 13:14:43,664 - INFO - Login attempt for email: ab@gmail.com
2025-07-10 13:14:43,664 - INFO - Login successful for email: ab@gmail.com
2025-07-10 13:14:53,273 - INFO - Login attempt for email: addepallinaveenkumar85@gmail.com
2025-07-10 13:14:53,280 - INFO - Login successful for email: addepallinaveenkumar85@gmail.com
2025-07-10 13:22:21,965 - INFO - Login attempt for email: addepallinaveenkumar85@gmail.com
2025-07-10 13:22:21,999 - INFO - Login successful for email: addepallinaveenkumar85@gmail.com
2025-07-10 13:25:22,284 - INFO - Login attempt for email: maheshmurari001@gmail.com
2025-07-10 13:25:22,286 - INFO - Login successful for email: maheshmurari001@gmail.com
2025-07-10 13:35:55,290 - INFO - Login attempt for email: addepallinaveenkumar85@gmail.com
2025-07-10 13:35:55,297 - INFO - Login successful for email: addepallinaveenkumar85@gmail.com
2025-07-10 13:54:13,654 - INFO - Login attempt for email: maheshmurari001@gmail.com
2025-07-10 13:54:13,693 - INFO - Login successful for email: maheshmurari001@gmail.com
2025-07-10 14:00:27,644 - INFO - Login attempt for email: addepallinaveenkumar85@gmail.com
2025-07-10 14:00:27,647 - INFO - Login successful for email: addepallinaveenkumar85@gmail.com
2025-07-10 14:05:34,457 - INFO - Login attempt for email: maheshmurari001@gmail.com
2025-07-10 14:05:34,459 - INFO - Login successful for email: maheshmurari001@gmail.com
2025-07-10 14:10:20,053 - INFO - Login attempt for email: ab@gmail.com
2025-07-10 14:10:20,055 - INFO - Login successful for email: ab@gmail.com
2025-07-10 14:18:47,887 - INFO - Login attempt for email: addepallinaveenkumar85@gmail.com
2025-07-10 14:18:47,892 - INFO - Login successful for email: addepallinaveenkumar85@gmail.com
2025-07-10 14:20:08,530 - INFO - Login attempt for email: ab@gmail.com
2025-07-10 14:20:08,532 - INFO - Login successful for email: ab@gmail.com
2025-07-10 14:24:57,775 - INFO - Login attempt for email: addepallinaveenkumar85@gmail.com
2025-07-10 14:24:57,778 - INFO - Login successful for email: addepallinaveenkumar85@gmail.com
2025-07-10 14:28:14,509 - INFO - Login attempt for email: maheshmurari001@gmail.com
2025-07-10 14:28:14,514 - INFO - Login successful for email: maheshmurari001@gmail.com
2025-07-10 14:31:27,933 - INFO - Login attempt for email: addepallinaveenkumar85@gmail.com
2025-07-10 14:31:27,936 - INFO - Login successful for email: addepallinaveenkumar85@gmail.com
2025-07-10 14:32:59,271 - INFO - Login attempt for email: maheshmurari001@gmail.com
2025-07-10 14:32:59,274 - INFO - Login successful for email: maheshmurari001@gmail.com
2025-07-10 14:58:49,600 - INFO - Login attempt for email: addepallinaveenkumar85@gmail.com
2025-07-10 14:58:49,604 - INFO - Login successful for email: addepallinaveenkumar85@gmail.com
2025-07-10 15:00:01,853 - INFO - Login attempt for email: maheshmurari001@gmail.com
2025-07-10 15:00:01,859 - INFO - Login successful for email: maheshmurari001@gmail.com
2025-07-10 15:34:38,792 - INFO - Login attempt for email: ab@gmail.com
2025-07-10 15:34:38,798 - INFO - Login successful for email: ab@gmail.com
2025-07-10 15:35:55,429 - INFO - Login attempt for email: addepallinaveenkumar85@gmail.com
2025-07-10 15:35:55,431 - INFO - Login successful for email: addepallinaveenkumar85@gmail.com
2025-07-10 15:38:14,072 - INFO - Login attempt for email: ab@gmail.com
2025-07-10 15:38:14,075 - INFO - Login successful for email: ab@gmail.com
2025-07-10 15:38:37,099 - INFO - Login attempt for email: addepallinaveenkumar85@gmail.com
2025-07-10 15:38:37,102 - INFO - Login successful for email: addepallinaveenkumar85@gmail.com
2025-07-10 15:39:00,891 - INFO - Login attempt for email: maheshmurari001@gmail.com
2025-07-10 15:39:00,930 - INFO - Login successful for email: maheshmurari001@gmail.com
2025-07-10 15:51:23,307 - INFO - Login attempt for email: maheshmurari001@gmail.com
2025-07-10 15:51:23,310 - INFO - Login successful for email: maheshmurari001@gmail.com
2025-07-10 17:29:56,631 - INFO - Login attempt for email: maheshmurari001@gmail.com
2025-07-10 17:29:56,654 - INFO - Login attempt for email: maheshmurari001@gmail.com
2025-07-10 17:29:56,673 - INFO - Login successful for email: maheshmurari001@gmail.com
2025-07-10 17:29:56,681 - INFO - Login attempt for email: maheshmurari001@gmail.com
2025-07-10 17:29:56,684 - INFO - Login successful for email: maheshmurari001@gmail.com
2025-07-10 17:29:56,686 - INFO - Login successful for email: maheshmurari001@gmail.com
2025-07-10 18:43:18,655 - INFO - Login attempt for email: addepallinaveenkumar85@gmail.com
2025-07-10 18:43:18,657 - INFO - Login successful for email: addepallinaveenkumar85@gmail.com
2025-07-10 19:56:44,084 - INFO - Login attempt for email: maheshmurari001@gmail.com
2025-07-10 19:56:44,162 - INFO - Login successful for email: maheshmurari001@gmail.com
2025-07-10 20:00:20,993 - INFO - Login attempt for email: ab@gmail.com
2025-07-10 20:00:20,995 - INFO - Login successful for email: ab@gmail.com
2025-07-10 20:00:55,108 - INFO - Login attempt for email: addepallinaveenkumar85@gmail.com
2025-07-10 20:00:55,111 - INFO - Login successful for email: addepallinaveenkumar85@gmail.com
2025-07-10 20:01:03,361 - INFO - Login attempt for email: maheshmurari001@gmail.com
2025-07-10 20:01:03,363 - INFO - Login successful for email: maheshmurari001@gmail.com
2025-07-10 20:03:44,204 - INFO - Login attempt for email: ab@gmail.com
2025-07-10 20:03:44,206 - INFO - Login successful for email: ab@gmail.com
2025-07-10 20:04:09,735 - INFO - Login attempt for email: maheshmurari001@gmail.com
2025-07-10 20:04:09,737 - INFO - Login successful for email: maheshmurari001@gmail.com
2025-07-10 20:15:19,387 - INFO - Login attempt for email: maheshmurari001@gmail.com
2025-07-10 20:15:19,392 - INFO - Login successful for email: maheshmurari001@gmail.com
2025-07-10 20:16:53,518 - INFO - Login attempt for email: abc@gmail.com
2025-07-10 20:16:53,520 - WARNING - Login failed: User with email abc@gmail.com not found
2025-07-10 20:16:58,200 - INFO - Login attempt for email: ab@gmail.com
2025-07-10 20:16:58,203 - INFO - Login successful for email: ab@gmail.com
2025-07-10 20:17:37,592 - INFO - Login attempt for email: maheshmurari001@gmail.com
2025-07-10 20:17:37,598 - INFO - Login successful for email: maheshmurari001@gmail.com
2025-07-11 18:15:06,450 - INFO - Login attempt for email: maheshmurari001@gmail.com
2025-07-11 18:15:06,517 - INFO - Login successful for email: maheshmurari001@gmail.com
2025-07-11 18:17:03,179 - INFO - Login attempt for email: ab@gmail.com
2025-07-11 18:17:03,182 - INFO - Login successful for email: ab@gmail.com
2025-07-11 18:17:08,448 - INFO - Login attempt for email: maheshmurari001@gmail.com
2025-07-11 18:17:08,453 - INFO - Login successful for email: maheshmurari001@gmail.com
2025-07-11 18:37:26,406 - INFO - Login attempt for email: ab@gmail.com
2025-07-11 18:37:26,411 - INFO - Login successful for email: ab@gmail.com
2025-07-11 18:37:46,056 - INFO - Login attempt for email: maheshmurari001@gmail.com
2025-07-11 18:37:46,059 - INFO - Login successful for email: maheshmurari001@gmail.com
2025-07-11 18:40:34,534 - INFO - Login attempt for email: ab@gmail.com
2025-07-11 18:40:34,537 - INFO - Login successful for email: ab@gmail.com
2025-07-11 18:41:04,338 - INFO - Login attempt for email: maheshmurari001@gmail.com
2025-07-11 18:41:04,341 - INFO - Login successful for email: maheshmurari001@gmail.com
2025-07-11 18:45:11,159 - INFO - Login attempt for email: addepallinaveenkumar85@gmail.com
2025-07-11 18:45:11,162 - INFO - Login successful for email: addepallinaveenkumar85@gmail.com
2025-07-11 18:45:15,425 - INFO - Login attempt for email: addepallinaveenkumar85@gmail.com
2025-07-11 18:45:15,427 - INFO - Login successful for email: addepallinaveenkumar85@gmail.com
2025-07-11 18:55:00,359 - INFO - Login attempt for email: maheshmurari001@gmail.com
2025-07-11 18:55:00,364 - INFO - Login successful for email: maheshmurari001@gmail.com
2025-07-11 18:57:35,644 - INFO - Login attempt for email: ab@gmail.com
2025-07-11 18:57:35,654 - INFO - Login successful for email: ab@gmail.com
2025-07-11 18:58:02,685 - INFO - Login attempt for email: maheshmurari001@gmail.com
2025-07-11 18:58:02,689 - INFO - Login successful for email: maheshmurari001@gmail.com
2025-07-11 11:58:40,056 - INFO - Login attempt for email: maheshmurari001@gmail.com
2025-07-11 11:58:40,166 - INFO - Login successful for email: maheshmurari001@gmail.com
2025-07-11 12:02:56,506 - INFO - Login attempt for email: ab@gmail.com
2025-07-11 12:02:56,508 - INFO - Login successful for email: ab@gmail.com
2025-07-11 12:04:00,408 - INFO - Login attempt for email: maheshmurari001@gmail.com
2025-07-11 12:04:00,411 - INFO - Login successful for email: maheshmurari001@gmail.com
2025-07-11 12:05:16,254 - INFO - Login attempt for email: addepallinaveenkumar85@gmail.com
2025-07-11 12:05:16,257 - INFO - Login successful for email: addepallinaveenkumar85@gmail.com
2025-07-11 12:05:21,457 - INFO - Login attempt for email: addepallinaveenkumar85@gmail.com
2025-07-11 12:05:21,459 - INFO - Login successful for email: addepallinaveenkumar85@gmail.com
2025-07-11 12:07:01,855 - INFO - Login attempt for email: addepallinaveenkumar85@gmail.com
2025-07-11 12:07:01,859 - INFO - Login successful for email: addepallinaveenkumar85@gmail.com
2025-07-11 12:07:23,771 - INFO - Login attempt for email: maheshmurari001@gmail.com
2025-07-11 12:07:23,773 - INFO - Login successful for email: maheshmurari001@gmail.com
2025-07-11 16:48:57,610 - INFO - Login attempt for email: addepallinaveenkumar85@gmail.com
2025-07-11 16:48:57,666 - INFO - Login attempt for email: addepallinaveenkumar85@gmail.com
2025-07-11 16:48:57,668 - INFO - Login successful for email: addepallinaveenkumar85@gmail.com
2025-07-11 16:48:57,672 - INFO - Login successful for email: addepallinaveenkumar85@gmail.com
2025-07-11 16:49:46,472 - INFO - Login attempt for email: maheshmurari001@gmail.com
2025-07-11 16:49:46,474 - INFO - Login successful for email: maheshmurari001@gmail.com
2025-07-11 16:54:25,252 - INFO - Login attempt for email: addepallinaveenkumar85@gmail.com
2025-07-11 16:54:25,254 - INFO - Login successful for email: addepallinaveenkumar85@gmail.com
2025-07-11 16:55:51,844 - INFO - Login attempt for email: ab@gmail.com
2025-07-11 16:55:51,846 - INFO - Login successful for email: ab@gmail.com
2025-07-11 16:57:43,749 - INFO - Login attempt for email: maheshmurari001@gmail.com
2025-07-11 16:57:43,751 - INFO - Login successful for email: maheshmurari001@gmail.com
2025-07-11 16:58:47,302 - INFO - Login attempt for email: ab@gmail.com
2025-07-11 16:58:47,304 - INFO - Login successful for email: ab@gmail.com
2025-07-13 21:17:25,676 - INFO - Login attempt for email: maheshmurari001@gmail.com
2025-07-13 21:17:25,748 - INFO - Login successful for email: maheshmurari001@gmail.com
2025-07-13 21:27:09,456 - INFO - Login attempt for email: addepallinaveenkumar85@gmail.com
2025-07-13 21:27:09,477 - INFO - Login successful for email: addepallinaveenkumar85@gmail.com
2025-07-13 21:27:56,743 - INFO - Login attempt for email: maheshmurari001@gmail.com
2025-07-13 21:27:56,746 - INFO - Login successful for email: maheshmurari001@gmail.com
2025-07-14 11:04:32,495 - INFO - Login attempt for email: addepallinaveenkumar85@gmail.com
2025-07-14 11:04:32,549 - INFO - Login successful for email: addepallinaveenkumar85@gmail.com
2025-07-14 11:14:06,645 - INFO - Login attempt for email: maheshmurari001@gmail.com
2025-07-14 11:14:06,647 - INFO - Login successful for email: maheshmurari001@gmail.com
2025-07-14 11:17:08,574 - INFO - Login attempt for email: addepallinaveenkumar85@gmail.com
2025-07-14 11:17:08,577 - INFO - Login successful for email: addepallinaveenkumar85@gmail.com
2025-07-14 13:40:07,085 - INFO - Login attempt for email: maheshmurari001@gmail.com
2025-07-14 13:40:07,145 - INFO - Login successful for email: maheshmurari001@gmail.com
2025-07-14 13:41:28,389 - INFO - Login attempt for email: ab@gmail.com
2025-07-14 13:41:28,391 - INFO - Login successful for email: ab@gmail.com
2025-07-14 13:42:38,736 - INFO - Login attempt for email: maheshmurari001@gmail.com
2025-07-14 13:42:38,738 - INFO - Login successful for email: maheshmurari001@gmail.com
2025-07-14 13:44:36,293 - INFO - Login attempt for email: ab@gmail.com
2025-07-14 13:44:36,295 - INFO - Login successful for email: ab@gmail.com
2025-07-14 13:45:06,947 - INFO - Login attempt for email: maheshmurari001@gmail.com
2025-07-14 13:45:06,949 - INFO - Login successful for email: maheshmurari001@gmail.com
2025-07-14 13:48:11,560 - INFO - Login attempt for email: ab@gmail.com
2025-07-14 13:48:11,563 - INFO - Login successful for email: ab@gmail.com
2025-07-14 13:48:41,941 - INFO - Login attempt for email: maheshmurari001@gmail.com
2025-07-14 13:48:41,944 - INFO - Login successful for email: maheshmurari001@gmail.com
2025-07-14 13:57:31,533 - INFO - Login attempt for email: addepallinaveenkumar85@gmail.com
2025-07-14 13:57:31,597 - INFO - Login successful for email: addepallinaveenkumar85@gmail.com
2025-07-14 14:02:20,839 - INFO - Login attempt for email: ab@gmail.com
2025-07-14 14:02:20,842 - INFO - Login successful for email: ab@gmail.com
2025-07-14 14:04:18,720 - INFO - Login attempt for email: maheshmurari001@gmail.com
2025-07-14 14:04:18,726 - INFO - Login successful for email: maheshmurari001@gmail.com
2025-07-14 14:08:40,002 - INFO - Login attempt for email: addepallinaveenkumar85@gmail.com
2025-07-14 14:08:40,005 - INFO - Login successful for email: addepallinaveenkumar85@gmail.com
2025-07-14 14:14:22,249 - INFO - Login attempt for email: addepallinaveenkumar85@gmail.com
2025-07-14 14:14:22,327 - INFO - Login successful for email: addepallinaveenkumar85@gmail.com
2025-07-14 14:14:41,899 - INFO - Login attempt for email: maheshmurari001@gmail.com
2025-07-14 14:14:41,906 - INFO - Login successful for email: maheshmurari001@gmail.com
2025-07-14 14:20:22,001 - INFO - Login attempt for email: ab@gmail.com
2025-07-14 14:20:22,004 - INFO - Login successful for email: ab@gmail.com
2025-07-14 14:21:52,237 - INFO - Login attempt for email: addepallinaveenkumar85@gmail.com
2025-07-14 14:21:52,243 - INFO - Login successful for email: addepallinaveenkumar85@gmail.com
2025-07-14 14:29:51,854 - INFO - Login attempt for email: ab@gmail.com
2025-07-14 14:29:51,859 - INFO - Login successful for email: ab@gmail.com
2025-07-14 14:30:16,386 - INFO - Login attempt for email: addepallinaveenkumar85@gmail.com
2025-07-14 14:30:16,389 - INFO - Login successful for email: addepallinaveenkumar85@gmail.com
